<?xml version="1.0" encoding="UTF-8"?>
<!-- Generated by org.testng.reporters.JUnitReportReporter -->
<testsuite hostname="DESKTOP-14L0LB4" failures="0" tests="1" name="oneClick.oneClickTDD.blazeformRegistration" time="15.963" errors="0" timestamp="2022-08-10T17:14:52 IST" skipped="0">
  <testcase classname="oneClick.oneClickTDD.blazeformRegistration" name="registerAccountWithCorrectData" time="15.963"/>
  <system-out/>
</testsuite> <!-- oneClick.oneClickTDD.blazeformRegistration -->
