<?xml version="1.0" encoding="UTF-8"?>
<!-- Generated by org.testng.reporters.JUnitReportReporter -->
<testsuite hostname="DESKTOP-14L0LB4" failures="0" tests="1" name="blazeForm.BlazeFormTDD.blazeformRegistration" time="15.630" errors="0" timestamp="2022-08-10T17:02:16 IST" skipped="0">
  <testcase classname="blazeForm.BlazeFormTDD.blazeformRegistration" name="registerAccountWithCorrectData" time="15.630"/>
  <system-out/>
</testsuite> <!-- blazeForm.BlazeFormTDD.blazeformRegistration -->
